<?xml version="1.0" encoding="UTF-8"?>
<!-- Generated by org.testng.reporters.JUnitXMLReporter -->
<testsuite hostname="sunshine-PC" ignored="0" name="Default test" tests="3" failures="0" timestamp="31 Mar 2019 10:30:37 GMT" time="40.276" errors="0">
  <testcase name="login_Rediff" time="15.58" classname="com.testcases.demo.loginRediff"/>
  <testcase name="login_Rediff" time="10.62" classname="com.testcases.demo.loginRediff"/>
  <testcase name="login_Rediff" time="13.088" classname="com.testcases.demo.loginRediff"/>
</testsuite> <!-- Default test -->
