<?xml version="1.0" encoding="UTF-8"?>
<!-- Generated by org.testng.reporters.JUnitXMLReporter -->
<testsuite hostname="sunshine-PC" ignored="0" name="Default test" tests="3" failures="0" timestamp="01 Apr 2019 15:09:23 GMT" time="37.027" errors="0">
  <testcase name="login_Rediff" time="15.465" classname="com.testcases.demo.loginRediff"/>
  <testcase name="login_Rediff" time="8.623" classname="com.testcases.demo.loginRediff"/>
  <testcase name="login_Rediff" time="10.901" classname="com.testcases.demo.loginRediff"/>
</testsuite> <!-- Default test -->
