<?xml version="1.0" encoding="UTF-8"?>
<testng-results skipped="0" failed="0" ignored="0" total="3" passed="3">
  <reporter-output>
  </reporter-output>
  <suite name="Default suite" duration-ms="37027" started-at="2019-04-01T15:08:46Z" finished-at="2019-04-01T15:09:23Z">
    <groups>
    </groups>
    <test name="Default test" duration-ms="37027" started-at="2019-04-01T15:08:46Z" finished-at="2019-04-01T15:09:23Z">
      <class name="com.testcases.demo.loginRediff">
        <test-method status="PASS" signature="login_Rediff(java.util.Map)[pri:0, instance:com.testcases.demo.loginRediff@5b275dab]" name="login_Rediff" duration-ms="15465" started-at="2019-04-01T15:08:48Z" data-provider="getdata" finished-at="2019-04-01T15:09:03Z">
          <params>
            <param index="0">
              <value>
                <![CDATA[{dummy=3.0, password=123.0, username=sumit}]]>
              </value>
            </param>
          </params>
          <reporter-output>
          </reporter-output>
        </test-method> <!-- login_Rediff -->
        <test-method status="PASS" signature="login_Rediff(java.util.Map)[pri:0, instance:com.testcases.demo.loginRediff@5b275dab]" name="login_Rediff" duration-ms="8623" started-at="2019-04-01T15:09:03Z" data-provider="getdata" finished-at="2019-04-01T15:09:12Z">
          <params>
            <param index="0">
              <value>
                <![CDATA[{dummy=#s, password=wer2, username=neha}]]>
              </value>
            </param>
          </params>
          <reporter-output>
          </reporter-output>
        </test-method> <!-- login_Rediff -->
        <test-method status="PASS" signature="login_Rediff(java.util.Map)[pri:0, instance:com.testcases.demo.loginRediff@5b275dab]" name="login_Rediff" duration-ms="10901" started-at="2019-04-01T15:09:12Z" data-provider="getdata" finished-at="2019-04-01T15:09:23Z">
          <params>
            <param index="0">
              <value>
                <![CDATA[{dummy=21/12/2018, password=wer3, username=amit}]]>
              </value>
            </param>
          </params>
          <reporter-output>
          </reporter-output>
        </test-method> <!-- login_Rediff -->
      </class> <!-- com.testcases.demo.loginRediff -->
    </test> <!-- Default test -->
  </suite> <!-- Default suite -->
</testng-results>
